<?xml version="1.0" encoding="UTF-8"?>
<testsuite name="com.generics.FindMaxElementTest" tests="3" skipped="0" failures="0" errors="0" timestamp="2019-11-28T11:26:18" hostname="bridgelabz" time="0.002">
  <properties/>
  <testcase name="GivenThreeStrings_ShouldReturnMaxString" classname="com.generics.FindMaxElementTest" time="0.001"/>
  <testcase name="GivenThreeFloats_ShouldReturnMaxFloat" classname="com.generics.FindMaxElementTest" time="0.0"/>
  <testcase name="GivenThreeIntegers_ShouldReturnMaxInteger" classname="com.generics.FindMaxElementTest" time="0.0"/>
  <system-out><![CDATA[]]></system-out>
  <system-err><![CDATA[]]></system-err>
</testsuite>
