<?xml version="1.0" encoding="UTF-8"?>
<testsuite name="com.generics.FindMaxElementTest" tests="1" skipped="0" failures="0" errors="0" timestamp="2019-11-28T11:11:46" hostname="bridgelabz" time="0.001">
  <properties/>
  <testcase name="GivenThreeStrings_ShouldReturnMaxString" classname="com.generics.FindMaxElementTest" time="0.001"/>
  <system-out><![CDATA[]]></system-out>
  <system-err><![CDATA[]]></system-err>
</testsuite>
