<?xml version="1.0" encoding="UTF-8"?>
<testsuite name="com.generics.FindMaxElementTest" tests="12" skipped="0" failures="0" errors="0" timestamp="2019-11-29T07:47:57" hostname="bridgelabz" time="0.04">
  <properties/>
  <testcase name="FromTheGivenInputsOfSameDatatype_ShouldPrintAndReturnMaxElement" classname="com.generics.FindMaxElementTest" time="0.006"/>
  <testcase name="FromTheGivenNnumberOfIntegerElements_FindMaximumElement" classname="com.generics.FindMaxElementTest" time="0.0"/>
  <testcase name="GivenAnyThreeInputsOfSameDatatype_InThisCaseInteger_ShouldReturnMaxFromThem" classname="com.generics.FindMaxElementTest" time="0.0"/>
  <testcase name="GivenThreeStrings_ShouldReturnMaxString" classname="com.generics.FindMaxElementTest" time="0.0"/>
  <testcase name="FromTheGivenNnumberOfFloatElements_FindMaximumElement" classname="com.generics.FindMaxElementTest" time="0.001"/>
  <testcase name="GivenAnyThreeInputsOfSameDatatypeToGenericVariables_InThisCaseString_ShouldReturnMaxFromThem" classname="com.generics.FindMaxElementTest" time="0.0"/>
  <testcase name="GivenMaxElementOnFirstPosition_ShouldWorkReturnIt" classname="com.generics.FindMaxElementTest" time="0.0"/>
  <testcase name="GivenThreeFloats_ShouldReturnMaxFloat" classname="com.generics.FindMaxElementTest" time="0.0"/>
  <testcase name="GivenMaxElementOnThirdPosition_ShouldWorkReturnIt" classname="com.generics.FindMaxElementTest" time="0.0"/>
  <testcase name="GivenMaxElementOnSecondPosition_ShouldWorkReturnIt" classname="com.generics.FindMaxElementTest" time="0.025"/>
  <testcase name="FromTheGivenNnumberOfStringElements_FindMaximumElement" classname="com.generics.FindMaxElementTest" time="0.0"/>
  <testcase name="GivenThreeIntegers_ShouldReturnMaxInteger" classname="com.generics.FindMaxElementTest" time="0.001"/>
  <system-out><![CDATA[











]]></system-out>
  <system-err><![CDATA[]]></system-err>
</testsuite>
