<?xml version="1.0" encoding="UTF-8"?>
<testsuite name="com.generics.FindMaxElementTest" tests="1" skipped="0" failures="0" errors="0" timestamp="2019-11-28T12:09:35" hostname="bridgelabz" time="0.003">
  <properties/>
  <testcase name="FromTheGivenInputsOfSameDatatype_ShouldPrintAndReturnMaxElement" classname="com.generics.FindMaxElementTest" time="0.003"/>
  <system-out><![CDATA[Max element is : 7
]]></system-out>
  <system-err><![CDATA[]]></system-err>
</testsuite>
